
> @maria/core-api@1.0.0 build /Users/bongin_max/maria_code/packages/core-api
> tsup && tsc --emitDeclarationOnly --declaration

▲ [WARNING] Cannot find base config file "../../tsconfig.base.json" [tsconfig.json]

    tsconfig.json:2:13:
      2 │   "extends": "../../tsconfig.base.json",
        ╵              ~~~~~~~~~~~~~~~~~~~~~~~~~~

CLI Building entry: src/index.ts
CLI Using tsconfig: tsconfig.json
CLI tsup v8.5.0
CLI Using tsup config: /Users/bongin_max/maria_code/packages/core-api/tsup.config.ts
CLI Target: node18
CLI Cleaning output folder
ESM Build start

 WARN  [33m▲ [43;33m[[43;30mWARNING[43;33m][0m [1mCannot find base config file "../../tsconfig.base.json"[0m [tsconfig.json]

    tsconfig.json:2:13:
[37m      2 │   "extends": [32m"../../tsconfig.base.json"[37m,
        ╵              [32m~~~~~~~~~~~~~~~~~~~~~~~~~~[0m



ESM dist/index.js     190.59 KB
ESM dist/index.js.map 362.01 KB
ESM ⚡️ Build success in 22ms
