
> @maria/code-cli@1.0.0 build /Users/bongin_max/maria_code/packages/code-cli
> tsup

▲ [WARNING] Cannot find base config file "../../tsconfig.base.json" [tsconfig.json]

    tsconfig.json:2:13:
      2 │   "extends": "../../tsconfig.base.json",
        ╵              ~~~~~~~~~~~~~~~~~~~~~~~~~~

CLI Building entry: {"bin/mc":"src/bin/mc.ts"}
CLI Using tsconfig: tsconfig.json
CLI Building entry: {"index":"src/index.tsx","simple-cli":"src/simple-cli.ts","simple-interactive-cli":"src/simple-interactive-cli.ts","enhanced-cli":"src/enhanced-cli.ts","commands/natural-chat":"src/commands/natural-chat.ts","services/model-manager":"src/services/model-manager.ts","services/video-generation":"src/services/video-generation.ts","services/image-generation":"src/services/image-generation.ts"}
CLI Using tsconfig: tsconfig.json
CLI tsup v8.5.0
CLI Using tsup config: /Users/bongin_max/maria_code/packages/code-cli/tsup.config.ts
CLI tsup v8.5.0
CLI Using tsup config: /Users/bongin_max/maria_code/packages/code-cli/tsup.config.ts
CLI Target: node20
CLI Target: node20
ESM Build start
CJS Build start
CLI Cleaning output folder
ESM Build start

 WARN  [33m▲ [43;33m[[43;30mWARNING[43;33m][0m [1mCannot find base config file "../../tsconfig.base.json"[0m [tsconfig.json]

    tsconfig.json:2:13:
[37m      2 │   "extends": [32m"../../tsconfig.base.json"[37m,
        ╵              [32m~~~~~~~~~~~~~~~~~~~~~~~~~~[0m




 WARN  [33m▲ [43;33m[[43;30mWARNING[43;33m][0m [1m"import.meta" is not available with the "cjs" output format and will be empty[0m [empty-import-meta]

    src/services/image-generation.ts:43:37:
[37m      43 │     const __filename = fileURLToPath([32mimport.meta[37m.url);
         ╵                                      [32m~~~~~~~~~~~[0m

  You need to set the output format to "esm" for "import.meta" to work correctly.




 WARN  [33m▲ [43;33m[[43;30mWARNING[43;33m][0m [1m"import.meta" is not available with the "cjs" output format and will be empty[0m [empty-import-meta]

    src/services/model-manager.ts:48:37:
[37m      48 │     const __filename = fileURLToPath([32mimport.meta[37m.url);
         ╵                                      [32m~~~~~~~~~~~[0m

  You need to set the output format to "esm" for "import.meta" to work correctly.




 WARN  [33m▲ [43;33m[[43;30mWARNING[43;33m][0m [1m"import.meta" is not available with the "cjs" output format and will be empty[0m [empty-import-meta]

    src/services/video-generation.ts:43:37:
[37m      43 │     const __filename = fileURLToPath([32mimport.meta[37m.url);
         ╵                                      [32m~~~~~~~~~~~[0m

  You need to set the output format to "esm" for "import.meta" to work correctly.




 WARN  [33m▲ [43;33m[[43;30mWARNING[43;33m][0m [1m"import.meta" is not available with the "cjs" output format and will be empty[0m [empty-import-meta]

    src/services/video-generation.ts:399:37:
[37m      399 │     const __filename = fileURLToPath([32mimport.meta[37m.url);
          ╵                                      [32m~~~~~~~~~~~[0m

  You need to set the output format to "esm" for "import.meta" to work correctly.




 WARN  [33m▲ [43;33m[[43;30mWARNING[43;33m][0m [1mCannot find base config file "../../tsconfig.base.json"[0m [tsconfig.json]

    tsconfig.json:2:13:
[37m      2 │   "extends": [32m"../../tsconfig.base.json"[37m,
        ╵              [32m~~~~~~~~~~~~~~~~~~~~~~~~~~[0m




 WARN  [33m▲ [43;33m[[43;30mWARNING[43;33m][0m [1mCannot find base config file "../../tsconfig.base.json"[0m [tsconfig.json]

    tsconfig.json:2:13:
[37m      2 │   "extends": [32m"../../tsconfig.base.json"[37m,
        ╵              [32m~~~~~~~~~~~~~~~~~~~~~~~~~~[0m



ESM dist/index.js                         9.88 KB
ESM dist/simple-cli.js                    9.06 KB
ESM dist/simple-interactive-cli.js        213.00 B
ESM dist/chunk-DRFJ2DAP.js                8.43 KB
ESM dist/commands/natural-chat.js         12.28 KB
ESM dist/chunk-7BT6NHJ7.js                14.13 KB
ESM dist/services/video-generation.js     11.79 KB
ESM dist/chunk-PHGI5UVR.js                14.52 KB
ESM dist/enhanced-cli.js                  214.12 KB
ESM dist/services/model-manager.js        186.00 B
ESM dist/chunk-J5LY4C2O.js                9.55 KB
ESM dist/chunk-7D4SUZUM.js                1.74 KB
ESM dist/services/image-generation.js     10.52 KB
ESM dist/chunk-XRBBMF7H.js                20.86 KB
ESM dist/simple-interactive-cli.js.map    71.00 B
ESM dist/simple-cli.js.map                9.67 KB
ESM dist/index.js.map                     12.12 KB
ESM dist/chunk-DRFJ2DAP.js.map            19.08 KB
ESM dist/chunk-7BT6NHJ7.js.map            23.08 KB
ESM dist/commands/natural-chat.js.map     12.79 KB
ESM dist/services/video-generation.js.map 20.12 KB
ESM dist/chunk-PHGI5UVR.js.map            28.77 KB
ESM dist/chunk-7D4SUZUM.js.map            71.00 B
ESM dist/services/model-manager.js.map    71.00 B
ESM dist/chunk-J5LY4C2O.js.map            16.63 KB
ESM dist/services/image-generation.js.map 18.98 KB
ESM dist/chunk-XRBBMF7H.js.map            25.77 KB
ESM dist/enhanced-cli.js.map              375.58 KB
ESM ⚡️ Build success in 66ms
CJS dist/index.cjs                         62.39 KB
CJS dist/services/model-manager.cjs        10.97 KB
CJS dist/simple-cli.cjs                    24.88 KB
CJS dist/enhanced-cli.cjs                  253.00 KB
CJS dist/simple-interactive-cli.cjs        51.19 KB
CJS dist/commands/natural-chat.cjs         28.41 KB
CJS dist/services/video-generation.cjs     22.95 KB
CJS dist/services/image-generation.cjs     21.55 KB
CJS dist/index.cjs.map                     103.08 KB
CJS dist/services/model-manager.cjs.map    16.72 KB
CJS dist/simple-interactive-cli.cjs.map    77.72 KB
CJS dist/simple-cli.cjs.map                38.46 KB
CJS dist/commands/natural-chat.cjs.map     41.63 KB
CJS dist/enhanced-cli.cjs.map              446.38 KB
CJS dist/services/video-generation.cjs.map 36.90 KB
CJS dist/services/image-generation.cjs.map 35.72 KB
CJS ⚡️ Build success in 66ms
ESM dist/chunk-4R4YJBBR.js            13.13 KB
ESM dist/bin/mc.js                    138.79 KB
ESM dist/enhanced-cli-POA3QRZX.js     223.10 KB
ESM dist/chunk-4R4YJBBR.js.map        24.79 KB
ESM dist/enhanced-cli-POA3QRZX.js.map 393.03 KB
ESM dist/bin/mc.js.map                264.60 KB
ESM ⚡️ Build success in 57ms
